0 info it worked if it ends with ok
1 verbose cli [ 'node', '/usr/local/bin/npm', 'install', '-g', 'imagemagick' ]
2 info using npm@1.4.28
3 info using node@v0.10.40
4 verbose cache add [ 'imagemagick', null ]
5 verbose cache add name=undefined spec="imagemagick" args=["imagemagick",null]
6 verbose parsed url { protocol: null,
6 verbose parsed url   slashes: null,
6 verbose parsed url   auth: null,
6 verbose parsed url   host: null,
6 verbose parsed url   port: null,
6 verbose parsed url   hostname: null,
6 verbose parsed url   hash: null,
6 verbose parsed url   search: null,
6 verbose parsed url   query: null,
6 verbose parsed url   pathname: 'imagemagick',
6 verbose parsed url   path: 'imagemagick',
6 verbose parsed url   href: 'imagemagick' }
7 silly lockFile 32ea6dfb-imagemagick imagemagick
8 verbose lock imagemagick /Users/ID/.npm/32ea6dfb-imagemagick.lock
9 silly lockFile 32ea6dfb-imagemagick imagemagick
10 silly lockFile 32ea6dfb-imagemagick imagemagick
11 verbose addNamed [ 'imagemagick', '' ]
12 verbose addNamed [ null, '*' ]
13 silly lockFile cf22fc7d-imagemagick imagemagick@
14 verbose lock imagemagick@ /Users/ID/.npm/cf22fc7d-imagemagick.lock
15 silly addNameRange { name: 'imagemagick', range: '*', hasData: false }
16 verbose request where is /imagemagick
17 verbose request registry https://registry.npmjs.org/
18 verbose request id b1c738fd018b96fc
19 verbose url raw /imagemagick
20 verbose url resolving [ 'https://registry.npmjs.org/', './imagemagick' ]
21 verbose url resolved https://registry.npmjs.org/imagemagick
22 verbose request where is https://registry.npmjs.org/imagemagick
23 info trying registry request attempt 1 at 11:01:11
24 http GET https://registry.npmjs.org/imagemagick
25 http 200 https://registry.npmjs.org/imagemagick
26 silly registry.get cb [ 200,
26 silly registry.get   { server: 'CouchDB/1.5.0 (Erlang OTP/R16B03)',
26 silly registry.get     etag: '"83IXIDPK57SCKZTBNUXDHEOOD"',
26 silly registry.get     'content-type': 'application/json',
26 silly registry.get     'cache-control': 'max-age=60',
26 silly registry.get     'content-length': '8589',
26 silly registry.get     'accept-ranges': 'bytes',
26 silly registry.get     date: 'Wed, 04 Nov 2015 03:01:14 GMT',
26 silly registry.get     via: '1.1 varnish',
26 silly registry.get     age: '0',
26 silly registry.get     connection: 'keep-alive',
26 silly registry.get     'x-served-by': 'cache-itm7426-ITM',
26 silly registry.get     'x-cache': 'MISS',
26 silly registry.get     'x-cache-hits': '0',
26 silly registry.get     'x-timer': 'S1446606073.497228,VS0,VE535',
26 silly registry.get     vary: 'Accept' } ]
27 silly addNameRange number 2 { name: 'imagemagick', range: '*', hasData: true }
28 silly addNameRange versions [ 'imagemagick', [ '0.1.0', '0.1.1', '0.1.2', '0.1.3' ] ]
29 verbose addNamed [ 'imagemagick', '0.1.3' ]
30 verbose addNamed [ '0.1.3', '0.1.3' ]
31 silly lockFile f520a523-imagemagick-0-1-3 imagemagick@0.1.3
32 verbose lock imagemagick@0.1.3 /Users/ID/.npm/f520a523-imagemagick-0-1-3.lock
33 silly lockFile ffa5611b-magemagick-imagemagick-0-1-3-tgz https://registry.npmjs.org/imagemagick/-/imagemagick-0.1.3.tgz
34 verbose lock https://registry.npmjs.org/imagemagick/-/imagemagick-0.1.3.tgz /Users/ID/.npm/ffa5611b-magemagick-imagemagick-0-1-3-tgz.lock
35 verbose addRemoteTarball [ 'https://registry.npmjs.org/imagemagick/-/imagemagick-0.1.3.tgz',
35 verbose addRemoteTarball   '7483cea093b4d9f2e2f396857adc8821b537c56a' ]
36 info retry fetch attempt 1 at 11:01:14
37 verbose fetch to= /var/folders/s8/j3blvfzd0tl_chv2gfn3tvf00000gn/T/npm-2291-dNF-MerU/registry.npmjs.org/imagemagick/-/imagemagick-0.1.3.tgz
38 http GET https://registry.npmjs.org/imagemagick/-/imagemagick-0.1.3.tgz
39 http 200 https://registry.npmjs.org/imagemagick/-/imagemagick-0.1.3.tgz
40 silly lockFile ffa5611b-magemagick-imagemagick-0-1-3-tgz https://registry.npmjs.org/imagemagick/-/imagemagick-0.1.3.tgz
41 silly lockFile ffa5611b-magemagick-imagemagick-0-1-3-tgz https://registry.npmjs.org/imagemagick/-/imagemagick-0.1.3.tgz
42 silly lockFile f520a523-imagemagick-0-1-3 imagemagick@0.1.3
43 silly lockFile f520a523-imagemagick-0-1-3 imagemagick@0.1.3
44 silly lockFile cf22fc7d-imagemagick imagemagick@
45 silly lockFile cf22fc7d-imagemagick imagemagick@
46 silly resolved [ { name: 'imagemagick',
46 silly resolved     description: 'A wrapper around the imagemagick cli',
46 silly resolved     version: '0.1.3',
46 silly resolved     author: { name: 'Rasmus Andersson', email: 'http://rsms.me/' },
46 silly resolved     licenses: [ 'MIT' ],
46 silly resolved     repository:
46 silly resolved      { type: 'git',
46 silly resolved        url: 'http://github.com/rsms/node-imagemagick.git' },
46 silly resolved     engine: [ 'node >=0.6' ],
46 silly resolved     main: 'imagemagick',
46 silly resolved     _id: 'imagemagick@0.1.3',
46 silly resolved     dist:
46 silly resolved      { shasum: '7483cea093b4d9f2e2f396857adc8821b537c56a',
46 silly resolved        tarball: 'http://registry.npmjs.org/imagemagick/-/imagemagick-0.1.3.tgz' },
46 silly resolved     _npmVersion: '1.1.59',
46 silly resolved     _npmUser: { name: 'rsms', email: 'rasmus@notion.se' },
46 silly resolved     maintainers: [ [Object] ],
46 silly resolved     directories: {},
46 silly resolved     _shasum: '7483cea093b4d9f2e2f396857adc8821b537c56a',
46 silly resolved     _from: 'imagemagick@',
46 silly resolved     _resolved: 'https://registry.npmjs.org/imagemagick/-/imagemagick-0.1.3.tgz' } ]
47 info install imagemagick@0.1.3 into /usr/local/lib
48 info installOne imagemagick@0.1.3
49 verbose lib/node_modules/imagemagick unbuild
50 verbose tar unpack /Users/ID/.npm/imagemagick/0.1.3/package.tgz
51 silly lockFile e3d0843f-cal-lib-node-modules-imagemagick tar:///usr/local/lib/node_modules/imagemagick
52 verbose lock tar:///usr/local/lib/node_modules/imagemagick /Users/ID/.npm/e3d0843f-cal-lib-node-modules-imagemagick.lock
53 silly lockFile 8247a64e-pm-imagemagick-0-1-3-package-tgz tar:///Users/ID/.npm/imagemagick/0.1.3/package.tgz
54 verbose lock tar:///Users/ID/.npm/imagemagick/0.1.3/package.tgz /Users/ID/.npm/8247a64e-pm-imagemagick-0-1-3-package-tgz.lock
55 silly gunzTarPerm modes [ '755', '644' ]
56 error Error: EACCES, mkdir '/usr/local/lib/node_modules/imagemagick'
56 error  { [Error: EACCES, mkdir '/usr/local/lib/node_modules/imagemagick']
56 error   errno: 3,
56 error   code: 'EACCES',
56 error   path: '/usr/local/lib/node_modules/imagemagick',
56 error   fstream_type: 'Directory',
56 error   fstream_path: '/usr/local/lib/node_modules/imagemagick',
56 error   fstream_class: 'DirWriter',
56 error   fstream_stack:
56 error    [ '/usr/local/lib/node_modules/npm/node_modules/fstream/lib/dir-writer.js:36:23',
56 error      '/usr/local/lib/node_modules/npm/node_modules/mkdirp/index.js:46:53',
56 error      'Object.oncomplete (fs.js:108:15)' ] }
57 error Please try running this command again as root/Administrator.
58 error System Darwin 14.4.0
59 error command "node" "/usr/local/bin/npm" "install" "-g" "imagemagick"
60 error cwd /Users/ID/Tree/Meteor1.2
61 error node -v v0.10.40
62 error npm -v 1.4.28
63 error path /usr/local/lib/node_modules/imagemagick
64 error fstream_path /usr/local/lib/node_modules/imagemagick
65 error fstream_type Directory
66 error fstream_class DirWriter
67 error code EACCES
68 error errno 3
69 error stack Error: EACCES, mkdir '/usr/local/lib/node_modules/imagemagick'
70 error fstream_stack /usr/local/lib/node_modules/npm/node_modules/fstream/lib/dir-writer.js:36:23
70 error fstream_stack /usr/local/lib/node_modules/npm/node_modules/mkdirp/index.js:46:53
70 error fstream_stack Object.oncomplete (fs.js:108:15)
71 verbose exit [ 3, true ]
